<?xml version="1.0" encoding="UTF-8"?>
<!-- Generated by org.testng.reporters.JUnitXMLReporter -->
<testsuite ignored="0" hostname="DESKTOP-S3JI6TJ" failures="3" tests="5" name="Wall_Stickers_Navigation_PLP_Page" time="76.072" errors="0" timestamp="2022-01-04T11:59:23 IST">
  <testcase classname="com.b2c.asianpaints.testCases.Wall_Stickers" name="NavigationWallStickers" time="12.789"/>
  <testcase classname="com.b2c.asianpaints.testCases.Wall_Stickers" name="AddToCart_PLP_ValidInputs" time="8.061">
    <failure type="org.openqa.selenium.JavascriptException" message="javascript error: homepage is not defined
  (Session info: chrome=96.0.4664.110)
Build info: version: &amp;apos;4.0.0&amp;apos;, revision: &amp;apos;3a21814679&amp;apos;
System info: host: &amp;apos;DESKTOP-S3JI6TJ&amp;apos;, ip: &amp;apos;192.168.10.13&amp;apos;, os.name: &amp;apos;Windows 10&amp;apos;, os.arch: &amp;apos;amd64&amp;apos;, os.version: &amp;apos;10.0&amp;apos;, java.version: &amp;apos;17.0.1&amp;apos;
Driver info: org.openqa.selenium.chrome.ChromeDriver
Command: [2777be2ea13b66919705bf575251a073, executeScript {script=homepage.MsgAddToCartPLPPage.focus();, args=[]}]
Capabilities {acceptInsecureCerts: false, browserName: chrome, browserVersion: 96.0.4664.110, chrome: {chromedriverVersion: 95.0.4638.69 (6a1600ed572fe..., userDataDir: C:\Users\Lenovo\AppData\Loc...}, goog:chromeOptions: {debuggerAddress: localhost:50227}, javascriptEnabled: true, networkConnectionEnabled: false, pageLoadStrategy: normal, platform: WINDOWS, platformName: WINDOWS, proxy: Proxy(), se:cdp: ws://localhost:50227/devtoo..., se:cdpVersion: 96.0.4664.110, setWindowRect: true, strictFileInteractability: false, timeouts: {implicit: 0, pageLoad: 300000, script: 30000}, unhandledPromptBehavior: dismiss and notify, webauthn:extension:credBlob: true, webauthn:extension:largeBlob: true, webauthn:virtualAuthenticators: true}
Session ID: 2777be2ea13b66919705bf575251a073">
      <![CDATA[org.openqa.selenium.JavascriptException: javascript error: homepage is not defined
  (Session info: chrome=96.0.4664.110)
Build info: version: '4.0.0', revision: '3a21814679'
System info: host: 'DESKTOP-S3JI6TJ', ip: '192.168.10.13', os.name: 'Windows 10', os.arch: 'amd64', os.version: '10.0', java.version: '17.0.1'
Driver info: org.openqa.selenium.chrome.ChromeDriver
Command: [2777be2ea13b66919705bf575251a073, executeScript {script=homepage.MsgAddToCartPLPPage.focus();, args=[]}]
Capabilities {acceptInsecureCerts: false, browserName: chrome, browserVersion: 96.0.4664.110, chrome: {chromedriverVersion: 95.0.4638.69 (6a1600ed572fe..., userDataDir: C:\Users\Lenovo\AppData\Loc...}, goog:chromeOptions: {debuggerAddress: localhost:50227}, javascriptEnabled: true, networkConnectionEnabled: false, pageLoadStrategy: normal, platform: WINDOWS, platformName: WINDOWS, proxy: Proxy(), se:cdp: ws://localhost:50227/devtoo..., se:cdpVersion: 96.0.4664.110, setWindowRect: true, strictFileInteractability: false, timeouts: {implicit: 0, pageLoad: 300000, script: 30000}, unhandledPromptBehavior: dismiss and notify, webauthn:extension:credBlob: true, webauthn:extension:largeBlob: true, webauthn:virtualAuthenticators: true}
Session ID: 2777be2ea13b66919705bf575251a073
at org.openqa.selenium.remote.codec.w3c.W3CHttpResponseCodec.createException(W3CHttpResponseCodec.java:200)
at org.openqa.selenium.remote.codec.w3c.W3CHttpResponseCodec.decode(W3CHttpResponseCodec.java:133)
at org.openqa.selenium.remote.codec.w3c.W3CHttpResponseCodec.decode(W3CHttpResponseCodec.java:53)
at org.openqa.selenium.remote.HttpCommandExecutor.execute(HttpCommandExecutor.java:184)
at org.openqa.selenium.remote.service.DriverCommandExecutor.invokeExecute(DriverCommandExecutor.java:164)
at org.openqa.selenium.remote.service.DriverCommandExecutor.execute(DriverCommandExecutor.java:139)
at org.openqa.selenium.remote.RemoteWebDriver.execute(RemoteWebDriver.java:559)
at org.openqa.selenium.remote.RemoteWebDriver.executeScript(RemoteWebDriver.java:493)
at com.b2c.asianpaints.testCases.Wall_Stickers.AddToCart_PLP_ValidInputs(Wall_Stickers.java:57)
at java.base/java.util.ArrayList.forEach(ArrayList.java:1511)
... Removed 32 stack frames]]>
    </failure>
  </testcase> <!-- AddToCart_PLP_ValidInputs -->
  <testcase classname="com.b2c.asianpaints.testCases.Wall_Stickers" name="AddToCart_PLP_InValidInputs" time="20.913">
    <failure type="java.lang.AssertionError" message="expected [true] but found [false]">
      <![CDATA[java.lang.AssertionError: expected [true] but found [false]
at com.b2c.asianpaints.testCases.Wall_Stickers.AddToCart_PLP_InValidInputs(Wall_Stickers.java:96)
at java.base/java.util.ArrayList.forEach(ArrayList.java:1511)
... Removed 31 stack frames]]>
    </failure>
  </testcase> <!-- AddToCart_PLP_InValidInputs -->
  <testcase classname="com.b2c.asianpaints.testCases.Wall_Stickers" name="InvalidPincodeCheckAvailbilityPDPPage" time="13.365">
    <failure type="java.lang.AssertionError" message="expected [true] but found [false]">
      <![CDATA[java.lang.AssertionError: expected [true] but found [false]
at com.b2c.asianpaints.testCases.Wall_Stickers.InvalidPincodeCheckAvailbilityPDPPage(Wall_Stickers.java:129)
at java.base/java.util.ArrayList.forEach(ArrayList.java:1511)
... Removed 31 stack frames]]>
    </failure>
  </testcase> <!-- InvalidPincodeCheckAvailbilityPDPPage -->
  <testcase classname="com.b2c.asianpaints.testCases.Wall_Stickers" name="ValidPincodePDPPage" time="7.281"/>
</testsuite> <!-- Wall_Stickers_Navigation_PLP_Page -->
