<!DOCTYPE html PUBLIC "-//W3C//DTD XHTML 1.1//EN" "http://www.w3.org/TR/xhtml11/DTD/xhtml11.dtd">
<html xmlns="http://www.w3.org/1999/xhtml">
<head>
<meta http-equiv="content-type" content="text/html; charset=UTF-8"/>
<title>TestNG Report</title>
<style type="text/css">table {margin-bottom:10px;border-collapse:collapse;empty-cells:show}th,td {border:1px solid #009;padding:.25em .5em}th {vertical-align:bottom}td {vertical-align:top}table a {font-weight:bold}.stripe td {background-color: #E6EBF9}.num {text-align:right}.passedodd td {background-color: #3F3}.passedeven td {background-color: #0A0}.skippedodd td {background-color: #DDD}.skippedeven td {background-color: #CCC}.failedodd td,.attn {background-color: #F33}.failedeven td,.stripe .attn {background-color: #D00}.stacktrace {white-space:pre;font-family:monospace}.totop {font-size:85%;text-align:center;border-bottom:2px solid #000}.invisible {display:none}</style>
</head>
<body>
<table>
<tr><th>Test</th><th># Passed</th><th># Skipped</th><th># Retried</th><th># Failed</th><th>Time (ms)</th><th>Included Groups</th><th>Excluded Groups</th></tr>
<tr><th colspan="8">B2C Asian Paints</th></tr>
<tr><td><a href="#t0">Wall_Stickers</a></td><td class="num">4</td><td class="num">0</td><td class="num">0</td><td class="num attn">2</td><td class="num">68,398</td><td></td><td></td></tr>
</table>
<table id='summary'><thead><tr><th>Class</th><th>Method</th><th>Start</th><th>Time (ms)</th></tr></thead><tbody><tr><th colspan="4">B2C Asian Paints</th></tr></tbody><tbody id="t0"><tr><th colspan="4">Wall_Stickers &#8212; failed</th></tr><tr class="failedeven"><td rowspan="2">com.b2c.asianpaints.testCases.Wall_Stickers</td><td><a href="#m0">AddToCart_PLP_InValidInputs</a></td><td rowspan="1">1642396734382</td><td rowspan="1">10814</td></tr><tr class="failedeven"><td><a href="#m1">InvalidPincodeCheckAvailbilityPDPPage</a></td><td rowspan="1">1642396745207</td><td rowspan="1">10454</td></tr><tr><th colspan="4">Wall_Stickers &#8212; passed</th></tr><tr class="passedeven"><td rowspan="4">com.b2c.asianpaints.testCases.Wall_Stickers</td><td><a href="#m2">AddToCartPDPPage</a></td><td rowspan="1">1642396763039</td><td rowspan="1">3153</td></tr><tr class="passedeven"><td><a href="#m3">AddToCart_PLP_ValidInputs</a></td><td rowspan="1">1642396726494</td><td rowspan="1">7716</td></tr><tr class="passedeven"><td><a href="#m4">NavigationWallStickers</a></td><td rowspan="1">1642396713933</td><td rowspan="1">11096</td></tr><tr class="passedeven"><td><a href="#m5">ValidPincodePDPPage</a></td><td rowspan="1">1642396755756</td><td rowspan="1">7282</td></tr></tbody>
</table>
<h2>Wall_Stickers</h2><h3 id="m0">com.b2c.asianpaints.testCases.Wall_Stickers#AddToCart_PLP_InValidInputs</h3><table class="result"><tr class="param"><th>Parameter #1</th><th>Parameter #2</th></tr><tr class="param stripe"><td>pincode</td><td>123456</td></tr><tr><th colspan="2">Exception</th></tr><tr><td colspan="2"><div class="stacktrace">org.openqa.selenium.ElementClickInterceptedException: element click intercepted: Element &lt;button id=&quot;cartPinCodeEditBtn&quot; onclick=&quot;shoplisting.openpinCodeFormPopup(event,&apos;btn&apos;)&quot; data-toggle=&quot;modal&quot; data-target=&quot;#cartPinCodeModal&quot; class=&quot;for-desktop pincode-btn&quot;&gt;...&lt;/button&gt; is not clickable at point (689, 8). Other element would receive the click: &lt;div class=&quot;header__content-container header__main-container&quot;&gt;...&lt;/div&gt;
  (Session info: chrome=97.0.4692.71)
Build info: version: &apos;4.0.0&apos;, revision: &apos;3a21814679&apos;
System info: host: &apos;DESKTOP-S3JI6TJ&apos;, ip: &apos;192.168.10.13&apos;, os.name: &apos;Windows 10&apos;, os.arch: &apos;amd64&apos;, os.version: &apos;10.0&apos;, java.version: &apos;1.8.0_202&apos;
Driver info: org.openqa.selenium.chrome.ChromeDriver
Command: [cced22339d891e2676d44a5fd778f1bf, clickElement {id=0a9effcd-075d-49e1-afe1-17ed19131b88}]
Capabilities {acceptInsecureCerts: false, browserName: chrome, browserVersion: 97.0.4692.71, chrome: {chromedriverVersion: 97.0.4692.71 (adefa7837d02a..., userDataDir: C:\Windows\TEMP\scoped_dir1...}, goog:chromeOptions: {debuggerAddress: localhost:50713}, javascriptEnabled: true, networkConnectionEnabled: false, pageLoadStrategy: normal, platform: WINDOWS, platformName: WINDOWS, proxy: Proxy(), se:cdp: ws://localhost:50713/devtoo..., se:cdpVersion: 97.0.4692.71, setWindowRect: true, strictFileInteractability: false, timeouts: {implicit: 0, pageLoad: 300000, script: 30000}, unhandledPromptBehavior: dismiss and notify, webauthn:extension:credBlob: true, webauthn:extension:largeBlob: true, webauthn:virtualAuthenticators: true}
Element: [[ChromeDriver: chrome on WINDOWS (cced22339d891e2676d44a5fd778f1bf)] -&gt; xpath: //button[@id=&apos;cartPinCodeEditBtn&apos;]]
Session ID: cced22339d891e2676d44a5fd778f1bf
	at org.openqa.selenium.remote.codec.w3c.W3CHttpResponseCodec.createException(W3CHttpResponseCodec.java:200)
	at org.openqa.selenium.remote.codec.w3c.W3CHttpResponseCodec.decode(W3CHttpResponseCodec.java:133)
	at org.openqa.selenium.remote.codec.w3c.W3CHttpResponseCodec.decode(W3CHttpResponseCodec.java:53)
	at org.openqa.selenium.remote.HttpCommandExecutor.execute(HttpCommandExecutor.java:184)
	at org.openqa.selenium.remote.service.DriverCommandExecutor.invokeExecute(DriverCommandExecutor.java:164)
	at org.openqa.selenium.remote.service.DriverCommandExecutor.execute(DriverCommandExecutor.java:139)
	at org.openqa.selenium.remote.RemoteWebDriver.execute(RemoteWebDriver.java:559)
	at org.openqa.selenium.remote.RemoteWebElement.execute(RemoteWebElement.java:251)
	at org.openqa.selenium.remote.RemoteWebElement.click(RemoteWebElement.java:77)
	at org.openqa.selenium.support.pagefactory.internal.LocatingElementHandler.invoke(LocatingElementHandler.java:52)
	at com.sun.proxy.$Proxy19.click(Unknown Source)
	at com.b2c.asianpaints.pageObjects.HomePage.clickEditPincodeButtonPlpPage(HomePage.java:146)
	at com.b2c.asianpaints.testCases.Wall_Stickers.AddToCart_PLP_InValidInputs(Wall_Stickers.java:100)
	at java.util.ArrayList.forEach(ArrayList.java:1257)
... Removed 39 stack frames</div></td></tr></table><p class="totop"><a href="#summary">back to summary</a></p>
<h3 id="m1">com.b2c.asianpaints.testCases.Wall_Stickers#InvalidPincodeCheckAvailbilityPDPPage</h3><table class="result"><tr><th>Exception</th></tr><tr><td><div class="stacktrace">java.lang.AssertionError: expected [true] but found [false]
	at com.b2c.asianpaints.testCases.Wall_Stickers.InvalidPincodeCheckAvailbilityPDPPage(Wall_Stickers.java:177)
	at java.util.ArrayList.forEach(ArrayList.java:1257)
... Removed 35 stack frames</div></td></tr></table><p class="totop"><a href="#summary">back to summary</a></p>
<h3 id="m2">com.b2c.asianpaints.testCases.Wall_Stickers#AddToCartPDPPage</h3><table class="result"><tr><th class="invisible"/></tr></table><p class="totop"><a href="#summary">back to summary</a></p>
<h3 id="m3">com.b2c.asianpaints.testCases.Wall_Stickers#AddToCart_PLP_ValidInputs</h3><table class="result"><tr class="param"><th>Parameter #1</th><th>Parameter #2</th></tr><tr class="param stripe"><td>pincode</td><td>400055</td></tr></table><p class="totop"><a href="#summary">back to summary</a></p>
<h3 id="m4">com.b2c.asianpaints.testCases.Wall_Stickers#NavigationWallStickers</h3><table class="result"><tr><th class="invisible"/></tr></table><p class="totop"><a href="#summary">back to summary</a></p>
<h3 id="m5">com.b2c.asianpaints.testCases.Wall_Stickers#ValidPincodePDPPage</h3><table class="result"><tr class="param"><th>Parameter #1</th><th>Parameter #2</th></tr><tr class="param stripe"><td>pincode</td><td>400055</td></tr></table><p class="totop"><a href="#summary">back to summary</a></p>
</body>
</html>
