<?xml version="1.0" encoding="UTF-8"?>
<!-- Generated by org.testng.reporters.JUnitXMLReporter -->
<testsuite hostname="DESKTOP-S3JI6TJ" ignored="0" name="Wall_Stickers" tests="6" failures="2" timestamp="2022-01-17T10:49:27 IST" time="68.398" errors="0">
  <testcase name="NavigationWallStickers" time="11.096" classname="com.b2c.asianpaints.testCases.Wall_Stickers"/>
  <testcase name="AddToCart_PLP_ValidInputs" time="7.716" classname="com.b2c.asianpaints.testCases.Wall_Stickers"/>
  <testcase name="AddToCart_PLP_InValidInputs" time="10.814" classname="com.b2c.asianpaints.testCases.Wall_Stickers">
    <failure type="org.openqa.selenium.ElementClickInterceptedException" message="element click intercepted: Element &amp;lt;button id=&amp;quot;cartPinCodeEditBtn&amp;quot; onclick=&amp;quot;shoplisting.openpinCodeFormPopup(event,&amp;apos;btn&amp;apos;)&amp;quot; data-toggle=&amp;quot;modal&amp;quot; data-target=&amp;quot;#cartPinCodeModal&amp;quot; class=&amp;quot;for-desktop pincode-btn&amp;quot;&amp;gt;...&amp;lt;/button&amp;gt; is not clickable at point (689, 8). Other element would receive the click: &amp;lt;div class=&amp;quot;header__content-container header__main-container&amp;quot;&amp;gt;...&amp;lt;/div&amp;gt;
  (Session info: chrome=97.0.4692.71)
Build info: version: &amp;apos;4.0.0&amp;apos;, revision: &amp;apos;3a21814679&amp;apos;
System info: host: &amp;apos;DESKTOP-S3JI6TJ&amp;apos;, ip: &amp;apos;192.168.10.13&amp;apos;, os.name: &amp;apos;Windows 10&amp;apos;, os.arch: &amp;apos;amd64&amp;apos;, os.version: &amp;apos;10.0&amp;apos;, java.version: &amp;apos;1.8.0_202&amp;apos;
Driver info: org.openqa.selenium.chrome.ChromeDriver
Command: [cced22339d891e2676d44a5fd778f1bf, clickElement {id=0a9effcd-075d-49e1-afe1-17ed19131b88}]
Capabilities {acceptInsecureCerts: false, browserName: chrome, browserVersion: 97.0.4692.71, chrome: {chromedriverVersion: 97.0.4692.71 (adefa7837d02a..., userDataDir: C:\Windows\TEMP\scoped_dir1...}, goog:chromeOptions: {debuggerAddress: localhost:50713}, javascriptEnabled: true, networkConnectionEnabled: false, pageLoadStrategy: normal, platform: WINDOWS, platformName: WINDOWS, proxy: Proxy(), se:cdp: ws://localhost:50713/devtoo..., se:cdpVersion: 97.0.4692.71, setWindowRect: true, strictFileInteractability: false, timeouts: {implicit: 0, pageLoad: 300000, script: 30000}, unhandledPromptBehavior: dismiss and notify, webauthn:extension:credBlob: true, webauthn:extension:largeBlob: true, webauthn:virtualAuthenticators: true}
Element: [[ChromeDriver: chrome on WINDOWS (cced22339d891e2676d44a5fd778f1bf)] -&amp;gt; xpath: //button[@id=&amp;apos;cartPinCodeEditBtn&amp;apos;]]
Session ID: cced22339d891e2676d44a5fd778f1bf">
      <![CDATA[org.openqa.selenium.ElementClickInterceptedException: element click intercepted: Element <button id="cartPinCodeEditBtn" onclick="shoplisting.openpinCodeFormPopup(event,'btn')" data-toggle="modal" data-target="#cartPinCodeModal" class="for-desktop pincode-btn">...</button> is not clickable at point (689, 8). Other element would receive the click: <div class="header__content-container header__main-container">...</div>
  (Session info: chrome=97.0.4692.71)
Build info: version: '4.0.0', revision: '3a21814679'
System info: host: 'DESKTOP-S3JI6TJ', ip: '192.168.10.13', os.name: 'Windows 10', os.arch: 'amd64', os.version: '10.0', java.version: '1.8.0_202'
Driver info: org.openqa.selenium.chrome.ChromeDriver
Command: [cced22339d891e2676d44a5fd778f1bf, clickElement {id=0a9effcd-075d-49e1-afe1-17ed19131b88}]
Capabilities {acceptInsecureCerts: false, browserName: chrome, browserVersion: 97.0.4692.71, chrome: {chromedriverVersion: 97.0.4692.71 (adefa7837d02a..., userDataDir: C:\Windows\TEMP\scoped_dir1...}, goog:chromeOptions: {debuggerAddress: localhost:50713}, javascriptEnabled: true, networkConnectionEnabled: false, pageLoadStrategy: normal, platform: WINDOWS, platformName: WINDOWS, proxy: Proxy(), se:cdp: ws://localhost:50713/devtoo..., se:cdpVersion: 97.0.4692.71, setWindowRect: true, strictFileInteractability: false, timeouts: {implicit: 0, pageLoad: 300000, script: 30000}, unhandledPromptBehavior: dismiss and notify, webauthn:extension:credBlob: true, webauthn:extension:largeBlob: true, webauthn:virtualAuthenticators: true}
Element: [[ChromeDriver: chrome on WINDOWS (cced22339d891e2676d44a5fd778f1bf)] -> xpath: //button[@id='cartPinCodeEditBtn']]
Session ID: cced22339d891e2676d44a5fd778f1bf
at org.openqa.selenium.remote.codec.w3c.W3CHttpResponseCodec.createException(W3CHttpResponseCodec.java:200)
at org.openqa.selenium.remote.codec.w3c.W3CHttpResponseCodec.decode(W3CHttpResponseCodec.java:133)
at org.openqa.selenium.remote.codec.w3c.W3CHttpResponseCodec.decode(W3CHttpResponseCodec.java:53)
at org.openqa.selenium.remote.HttpCommandExecutor.execute(HttpCommandExecutor.java:184)
at org.openqa.selenium.remote.service.DriverCommandExecutor.invokeExecute(DriverCommandExecutor.java:164)
at org.openqa.selenium.remote.service.DriverCommandExecutor.execute(DriverCommandExecutor.java:139)
at org.openqa.selenium.remote.RemoteWebDriver.execute(RemoteWebDriver.java:559)
at org.openqa.selenium.remote.RemoteWebElement.execute(RemoteWebElement.java:251)
at org.openqa.selenium.remote.RemoteWebElement.click(RemoteWebElement.java:77)
at org.openqa.selenium.support.pagefactory.internal.LocatingElementHandler.invoke(LocatingElementHandler.java:52)
at com.sun.proxy.$Proxy19.click(Unknown Source)
at com.b2c.asianpaints.pageObjects.HomePage.clickEditPincodeButtonPlpPage(HomePage.java:146)
at com.b2c.asianpaints.testCases.Wall_Stickers.AddToCart_PLP_InValidInputs(Wall_Stickers.java:100)
at java.util.ArrayList.forEach(ArrayList.java:1257)
... Removed 39 stack frames]]>
    </failure>
  </testcase> <!-- AddToCart_PLP_InValidInputs -->
  <testcase name="InvalidPincodeCheckAvailbilityPDPPage" time="10.454" classname="com.b2c.asianpaints.testCases.Wall_Stickers">
    <failure type="java.lang.AssertionError" message="expected [true] but found [false]">
      <![CDATA[java.lang.AssertionError: expected [true] but found [false]
at com.b2c.asianpaints.testCases.Wall_Stickers.InvalidPincodeCheckAvailbilityPDPPage(Wall_Stickers.java:177)
at java.util.ArrayList.forEach(ArrayList.java:1257)
... Removed 35 stack frames]]>
    </failure>
  </testcase> <!-- InvalidPincodeCheckAvailbilityPDPPage -->
  <testcase name="ValidPincodePDPPage" time="7.282" classname="com.b2c.asianpaints.testCases.Wall_Stickers"/>
  <testcase name="AddToCartPDPPage" time="3.153" classname="com.b2c.asianpaints.testCases.Wall_Stickers"/>
</testsuite> <!-- Wall_Stickers -->
